<?xml version="1.0" encoding="UTF-8"?>
<!-- Generated by org.testng.reporters.JUnitReportReporter -->
<testsuite skipped="0" hostname="DESKTOP-77FO7BT" name="Data.Test1" tests="2" failures="0" timestamp="2022-07-27T22:14:13 IST" time="0.018" errors="0">
  <testcase name="bookalltickets" time="0.013" classname="Data.Test1"/>
  <system-out/>
  <testcase name="bookalltickets" time="0.005" classname="Data.Test1"/>
  <system-out/>
</testsuite> <!-- Data.Test1 -->
