<?xml version="1.0" encoding="UTF-8"?>
<!-- Generated by org.testng.reporters.JUnitReportReporter -->
<testsuite skipped="0" hostname="DESKTOP-77FO7BT" name="Assert.Test3" tests="1" failures="0" timestamp="2022-07-29T16:34:53 IST" time="20.704" errors="0">
  <testcase name="acti1" time="20.704" classname="Assert.Test3"/>
  <system-out/>
</testsuite> <!-- Assert.Test3 -->
