<?xml version="1.0" encoding="UTF-8"?>
<!-- Generated by org.testng.reporters.JUnitReportReporter -->
<testsuite skipped="0" hostname="DESKTOP-77FO7BT" name="CrossBrowser.Test1" tests="3" failures="0" timestamp="2022-08-04T16:45:45 IST" time="15.854" errors="0">
  <testcase name="acti" time="6.364" classname="CrossBrowser.Test1"/>
  <system-out/>
  <testcase name="acti" time="3.800" classname="CrossBrowser.Test1"/>
  <system-out/>
  <testcase name="acti" time="5.690" classname="CrossBrowser.Test1"/>
  <system-out/>
</testsuite> <!-- CrossBrowser.Test1 -->
