<?xml version="1.0" encoding="UTF-8"?>
<!-- Generated by org.testng.reporters.JUnitReportReporter -->
<testsuite skipped="0" hostname="DESKTOP-77FO7BT" name="Assert.Test2" tests="1" failures="0" timestamp="2022-07-29T16:23:23 IST" time="18.018" errors="0">
  <testcase name="acti1" time="18.018" classname="Assert.Test2"/>
  <system-out/>
</testsuite> <!-- Assert.Test2 -->
