<?xml version="1.0" encoding="UTF-8"?>
<!-- Generated by org.testng.reporters.JUnitReportReporter -->
<testsuite skipped="0" hostname="DESKTOP-77FO7BT" name="TestNGPrograme.Test1" tests="2" failures="0" timestamp="2022-07-27T22:36:17 IST" time="27.474" errors="0">
  <testcase name="vTiger" time="10.368" classname="TestNGPrograme.Test1"/>
  <system-out/>
  <testcase name="actiTime" time="17.106" classname="TestNGPrograme.Test1"/>
  <system-out/>
</testsuite> <!-- TestNGPrograme.Test1 -->
